<?xml version="1.0" encoding="UTF-8"?>
<robot generator="Robot 5.0.1 (Python 3.9.13 on win32)" generated="20230419 22:08:03.350" rpa="false" schemaversion="3">
<suite id="s1" name="Tasks" source="c:\Users\Utilizador\VSCodeProjects\Exercise2\tasks.robot">
<test id="s1-t1" name="Login To Saucedemo with Standard User and Fill Orders" line="156">
<kw name="Login">
<arg>${username1}</arg>
<arg>secret_sauce</arg>
<kw name="Open Browser" library="SeleniumLibrary">
<arg>https://www.saucedemo.com/</arg>
<arg>Chrome</arg>
<doc>Opens a new browser instance to the optional ``url``.</doc>
<msg timestamp="20230419 22:08:03.983" level="INFO">Opening browser 'Chrome' to base url 'https://www.saucedemo.com/'.</msg>
<status status="PASS" starttime="20230419 22:08:03.983" endtime="20230419 22:08:05.315"/>
</kw>
<kw name="Maximize Browser Window" library="SeleniumLibrary">
<doc>Maximizes current browser window.</doc>
<status status="PASS" starttime="20230419 22:08:05.316" endtime="20230419 22:08:05.436"/>
</kw>
<kw name="Input Text" library="SeleniumLibrary">
<arg>id=user-name</arg>
<arg>${username}</arg>
<doc>Types the given ``text`` into the text field identified by ``locator``.</doc>
<msg timestamp="20230419 22:08:05.437" level="INFO">Typing text 'standard_user' into text field 'id=user-name'.</msg>
<status status="PASS" starttime="20230419 22:08:05.436" endtime="20230419 22:08:05.488"/>
</kw>
<kw name="Input Password" library="SeleniumLibrary">
<arg>id=password</arg>
<arg>${password}</arg>
<doc>Types the given password into the text field identified by ``locator``.</doc>
<msg timestamp="20230419 22:08:05.489" level="INFO">Typing password into text field 'id=password'.</msg>
<msg timestamp="20230419 22:08:05.507" level="INFO">Temporally setting log level to: NONE</msg>
<msg timestamp="20230419 22:08:05.535" level="INFO">Log level changed from NONE to INFO.</msg>
<status status="PASS" starttime="20230419 22:08:05.489" endtime="20230419 22:08:05.535"/>
</kw>
<kw name="Click Button" library="SeleniumLibrary">
<arg>id=login-button</arg>
<doc>Clicks the button identified by ``locator``.</doc>
<msg timestamp="20230419 22:08:05.536" level="INFO">Clicking button 'id=login-button'.</msg>
<status status="PASS" starttime="20230419 22:08:05.535" endtime="20230419 22:08:05.582"/>
</kw>
<status status="PASS" starttime="20230419 22:08:03.982" endtime="20230419 22:08:05.583"/>
</kw>
<kw name="Capture Page Screenshot" library="SeleniumLibrary">
<arg>standard-user.png</arg>
<doc>Takes a screenshot of the current page and embeds it into a log file.</doc>
<msg timestamp="20230419 22:08:05.861" level="INFO" html="true">&lt;/td&gt;&lt;/tr&gt;&lt;tr&gt;&lt;td colspan="3"&gt;&lt;a href="standard-user.png"&gt;&lt;img src="standard-user.png" width="800px"&gt;&lt;/a&gt;</msg>
<status status="PASS" starttime="20230419 22:08:05.583" endtime="20230419 22:08:05.861"/>
</kw>
<kw name="Open Cart">
<kw name="Click Element" library="SeleniumLibrary">
<arg>id=shopping_cart_container</arg>
<doc>Click the element identified by ``locator``.</doc>
<msg timestamp="20230419 22:08:05.862" level="INFO">Clicking element 'id=shopping_cart_container'.</msg>
<status status="PASS" starttime="20230419 22:08:05.862" endtime="20230419 22:08:05.886"/>
</kw>
<status status="PASS" starttime="20230419 22:08:05.861" endtime="20230419 22:08:05.886"/>
</kw>
<kw name="Validate if Cart is empty">
<kw name="Page Should Not Contain Element" library="SeleniumLibrary">
<arg>class=cart_quantity</arg>
<doc>Verifies that element ``locator`` is not found on the current page.</doc>
<msg timestamp="20230419 22:08:05.893" level="INFO">Current page does not contain element 'class=cart_quantity'.</msg>
<status status="PASS" starttime="20230419 22:08:05.887" endtime="20230419 22:08:05.893"/>
</kw>
<kw name="Capture Page Screenshot" library="SeleniumLibrary">
<arg>empty-cart.png</arg>
<doc>Takes a screenshot of the current page and embeds it into a log file.</doc>
<msg timestamp="20230419 22:08:06.007" level="INFO" html="true">&lt;/td&gt;&lt;/tr&gt;&lt;tr&gt;&lt;td colspan="3"&gt;&lt;a href="empty-cart.png"&gt;&lt;img src="empty-cart.png" width="800px"&gt;&lt;/a&gt;</msg>
<status status="PASS" starttime="20230419 22:08:05.893" endtime="20230419 22:08:06.007"/>
</kw>
<status status="PASS" starttime="20230419 22:08:05.887" endtime="20230419 22:08:06.008"/>
</kw>
<kw name="Click burguer button">
<kw name="Click Button" library="SeleniumLibrary">
<arg>id=react-burger-menu-btn</arg>
<doc>Clicks the button identified by ``locator``.</doc>
<msg timestamp="20230419 22:08:06.008" level="INFO">Clicking button 'id=react-burger-menu-btn'.</msg>
<status status="PASS" starttime="20230419 22:08:06.008" endtime="20230419 22:08:06.037"/>
</kw>
<status status="PASS" starttime="20230419 22:08:06.008" endtime="20230419 22:08:06.038"/>
</kw>
<kw name="Wait Until Element Is Visible" library="SeleniumLibrary">
<arg>xpath=//*[@id="menu_button_container"]/div/div[2]/div[1]/nav/a[1]</arg>
<arg>5</arg>
<doc>Waits until the element ``locator`` is visible.</doc>
<status status="PASS" starttime="20230419 22:08:06.038" endtime="20230419 22:08:06.276"/>
</kw>
<kw name="Click Element" library="SeleniumLibrary">
<arg>xpath=//*[@id="menu_button_container"]/div/div[2]/div[1]/nav/a[1]</arg>
<doc>Click the element identified by ``locator``.</doc>
<msg timestamp="20230419 22:08:06.277" level="INFO">Clicking element 'xpath=//*[@id="menu_button_container"]/div/div[2]/div[1]/nav/a[1]'.</msg>
<status status="PASS" starttime="20230419 22:08:06.276" endtime="20230419 22:08:06.303"/>
</kw>
<kw name="Click Button" library="SeleniumLibrary">
<arg>id=add-to-cart-sauce-labs-onesie</arg>
<doc>Clicks the button identified by ``locator``.</doc>
<msg timestamp="20230419 22:08:06.303" level="INFO">Clicking button 'id=add-to-cart-sauce-labs-onesie'.</msg>
<status status="PASS" starttime="20230419 22:08:06.303" endtime="20230419 22:08:06.334"/>
</kw>
<kw name="Get Text" library="SeleniumLibrary">
<var>${SauceLabsOnesiePrice}</var>
<arg>xpath=//*[@id="inventory_container"]/div/div[5]/div[2]/div[2]/div</arg>
<doc>Returns the text value of the element identified by ``locator``.</doc>
<msg timestamp="20230419 22:08:06.347" level="INFO">${SauceLabsOnesiePrice} = $7.99</msg>
<status status="PASS" starttime="20230419 22:08:06.334" endtime="20230419 22:08:06.347"/>
</kw>
<kw name="Set price high to low">
<kw name="Click Element" library="SeleniumLibrary">
<arg>xpath=//*[@id="header_container"]/div[2]/div/span/select/option[4]</arg>
<doc>Click the element identified by ``locator``.</doc>
<msg timestamp="20230419 22:08:06.348" level="INFO">Clicking element 'xpath=//*[@id="header_container"]/div[2]/div/span/select/option[4]'.</msg>
<status status="PASS" starttime="20230419 22:08:06.348" endtime="20230419 22:08:06.367"/>
</kw>
<kw name="Capture Page Screenshot" library="SeleniumLibrary">
<arg>price-high-low.png</arg>
<doc>Takes a screenshot of the current page and embeds it into a log file.</doc>
<msg timestamp="20230419 22:08:06.520" level="INFO" html="true">&lt;/td&gt;&lt;/tr&gt;&lt;tr&gt;&lt;td colspan="3"&gt;&lt;a href="price-high-low.png"&gt;&lt;img src="price-high-low.png" width="800px"&gt;&lt;/a&gt;</msg>
<status status="PASS" starttime="20230419 22:08:06.367" endtime="20230419 22:08:06.520"/>
</kw>
<status status="PASS" starttime="20230419 22:08:06.348" endtime="20230419 22:08:06.521"/>
</kw>
<kw name="Click Button" library="SeleniumLibrary">
<arg>id=add-to-cart-sauce-labs-bike-light</arg>
<doc>Clicks the button identified by ``locator``.</doc>
<msg timestamp="20230419 22:08:06.521" level="INFO">Clicking button 'id=add-to-cart-sauce-labs-bike-light'.</msg>
<status status="PASS" starttime="20230419 22:08:06.521" endtime="20230419 22:08:06.548"/>
</kw>
<kw name="Get Text" library="SeleniumLibrary">
<var>${SauceLabsBikeLightPrice}</var>
<arg>xpath=//*[@id="inventory_container"]/div/div[5]/div[2]/div[2]/div</arg>
<doc>Returns the text value of the element identified by ``locator``.</doc>
<msg timestamp="20230419 22:08:06.558" level="INFO">${SauceLabsBikeLightPrice} = $9.99</msg>
<status status="PASS" starttime="20230419 22:08:06.548" endtime="20230419 22:08:06.558"/>
</kw>
<kw name="Set price low to high">
<kw name="Click Element" library="SeleniumLibrary">
<arg>xpath=//*[@id="header_container"]/div[2]/div/span/select/option[3]</arg>
<doc>Click the element identified by ``locator``.</doc>
<msg timestamp="20230419 22:08:06.559" level="INFO">Clicking element 'xpath=//*[@id="header_container"]/div[2]/div/span/select/option[3]'.</msg>
<status status="PASS" starttime="20230419 22:08:06.558" endtime="20230419 22:08:06.578"/>
</kw>
<kw name="Capture Page Screenshot" library="SeleniumLibrary">
<arg>price-high-low.png</arg>
<doc>Takes a screenshot of the current page and embeds it into a log file.</doc>
<msg timestamp="20230419 22:08:06.726" level="INFO" html="true">&lt;/td&gt;&lt;/tr&gt;&lt;tr&gt;&lt;td colspan="3"&gt;&lt;a href="price-high-low.png"&gt;&lt;img src="price-high-low.png" width="800px"&gt;&lt;/a&gt;</msg>
<status status="PASS" starttime="20230419 22:08:06.578" endtime="20230419 22:08:06.726"/>
</kw>
<status status="PASS" starttime="20230419 22:08:06.558" endtime="20230419 22:08:06.726"/>
</kw>
<kw name="Click Button" library="SeleniumLibrary">
<arg>id=add-to-cart-sauce-labs-backpack</arg>
<doc>Clicks the button identified by ``locator``.</doc>
<msg timestamp="20230419 22:08:06.727" level="INFO">Clicking button 'id=add-to-cart-sauce-labs-backpack'.</msg>
<status status="PASS" starttime="20230419 22:08:06.726" endtime="20230419 22:08:06.752"/>
</kw>
<kw name="Get Text" library="SeleniumLibrary">
<var>${SauceLabsBackpackPrice}</var>
<arg>xpath=//*[@id="inventory_container"]/div/div[5]/div[2]/div[2]/div</arg>
<doc>Returns the text value of the element identified by ``locator``.</doc>
<msg timestamp="20230419 22:08:06.763" level="INFO">${SauceLabsBackpackPrice} = $29.99</msg>
<status status="PASS" starttime="20230419 22:08:06.753" endtime="20230419 22:08:06.764"/>
</kw>
<kw name="Open Cart">
<kw name="Click Element" library="SeleniumLibrary">
<arg>id=shopping_cart_container</arg>
<doc>Click the element identified by ``locator``.</doc>
<msg timestamp="20230419 22:08:06.765" level="INFO">Clicking element 'id=shopping_cart_container'.</msg>
<status status="PASS" starttime="20230419 22:08:06.764" endtime="20230419 22:08:06.789"/>
</kw>
<status status="PASS" starttime="20230419 22:08:06.764" endtime="20230419 22:08:06.789"/>
</kw>
<kw name="Capture Page Screenshot" library="SeleniumLibrary">
<arg>cart-with-all-items-added.png</arg>
<doc>Takes a screenshot of the current page and embeds it into a log file.</doc>
<msg timestamp="20230419 22:08:06.902" level="INFO" html="true">&lt;/td&gt;&lt;/tr&gt;&lt;tr&gt;&lt;td colspan="3"&gt;&lt;a href="cart-with-all-items-added.png"&gt;&lt;img src="cart-with-all-items-added.png" width="800px"&gt;&lt;/a&gt;</msg>
<status status="PASS" starttime="20230419 22:08:06.790" endtime="20230419 22:08:06.903"/>
</kw>
<kw name="Verify Cart Item Name">
<arg>//*[@id="item_2_title_link"]/div</arg>
<arg>Sauce Labs Onesie</arg>
<kw name="Get Text" library="SeleniumLibrary">
<var>${CartItemName}</var>
<arg>xpath=${CartItemNameXPATH}</arg>
<doc>Returns the text value of the element identified by ``locator``.</doc>
<msg timestamp="20230419 22:08:06.916" level="INFO">${CartItemName} = Sauce Labs Onesie</msg>
<status status="PASS" starttime="20230419 22:08:06.904" endtime="20230419 22:08:06.916"/>
</kw>
<kw name="Should Be Equal" library="BuiltIn">
<arg>${CartItemName}</arg>
<arg>${IntendedItemName}</arg>
<arg>This item was not intended to be added to the cart!</arg>
<doc>Fails if the given objects are unequal.</doc>
<status status="PASS" starttime="20230419 22:08:06.917" endtime="20230419 22:08:06.917"/>
</kw>
<status status="PASS" starttime="20230419 22:08:06.903" endtime="20230419 22:08:06.917"/>
</kw>
<kw name="Verify Cart Item Quantity">
<arg>//*[@id="cart_contents_container"]/div/div[1]/div[3]/div[1]</arg>
<arg>1</arg>
<kw name="Get Text" library="SeleniumLibrary">
<var>${ItemQuantity}</var>
<arg>${CartItemQuantityXPATH}</arg>
<doc>Returns the text value of the element identified by ``locator``.</doc>
<msg timestamp="20230419 22:08:06.929" level="INFO">${ItemQuantity} = 1</msg>
<status status="PASS" starttime="20230419 22:08:06.917" endtime="20230419 22:08:06.929"/>
</kw>
<kw name="Should Be Equal" library="BuiltIn">
<arg>${ItemQuantity}</arg>
<arg>${IntendedItemQuantity}</arg>
<arg>Item quantity is Incorrect!</arg>
<doc>Fails if the given objects are unequal.</doc>
<status status="PASS" starttime="20230419 22:08:06.930" endtime="20230419 22:08:06.930"/>
</kw>
<status status="PASS" starttime="20230419 22:08:06.917" endtime="20230419 22:08:06.930"/>
</kw>
<kw name="Verify Cart Item Price">
<arg>//*[@id="cart_contents_container"]/div/div[1]/div[3]/div[2]/div[2]/div</arg>
<arg>${SauceLabsOnesiePrice}</arg>
<kw name="Get Text" library="SeleniumLibrary">
<var>${ItemPrice}</var>
<arg>${ItemPriceXPATH}</arg>
<doc>Returns the text value of the element identified by ``locator``.</doc>
<msg timestamp="20230419 22:08:06.941" level="INFO">${ItemPrice} = $7.99</msg>
<status status="PASS" starttime="20230419 22:08:06.931" endtime="20230419 22:08:06.941"/>
</kw>
<kw name="Should Be Equal" library="BuiltIn">
<arg>${ItemPrice}</arg>
<arg>${IntendedItemPrice}</arg>
<arg>Item Price is Incorrect!</arg>
<doc>Fails if the given objects are unequal.</doc>
<status status="PASS" starttime="20230419 22:08:06.941" endtime="20230419 22:08:06.942"/>
</kw>
<status status="PASS" starttime="20230419 22:08:06.930" endtime="20230419 22:08:06.942"/>
</kw>
<kw name="Verify Cart Item Name">
<arg>//*[@id="item_0_title_link"]/div</arg>
<arg>Sauce Labs Bike Light</arg>
<kw name="Get Text" library="SeleniumLibrary">
<var>${CartItemName}</var>
<arg>xpath=${CartItemNameXPATH}</arg>
<doc>Returns the text value of the element identified by ``locator``.</doc>
<msg timestamp="20230419 22:08:06.959" level="INFO">${CartItemName} = Sauce Labs Bike Light</msg>
<status status="PASS" starttime="20230419 22:08:06.943" endtime="20230419 22:08:06.959"/>
</kw>
<kw name="Should Be Equal" library="BuiltIn">
<arg>${CartItemName}</arg>
<arg>${IntendedItemName}</arg>
<arg>This item was not intended to be added to the cart!</arg>
<doc>Fails if the given objects are unequal.</doc>
<status status="PASS" starttime="20230419 22:08:06.959" endtime="20230419 22:08:06.960"/>
</kw>
<status status="PASS" starttime="20230419 22:08:06.942" endtime="20230419 22:08:06.961"/>
</kw>
<kw name="Verify Cart Item Quantity">
<arg>//*[@id="cart_contents_container"]/div/div[1]/div[4]/div[1]</arg>
<arg>1</arg>
<kw name="Get Text" library="SeleniumLibrary">
<var>${ItemQuantity}</var>
<arg>${CartItemQuantityXPATH}</arg>
<doc>Returns the text value of the element identified by ``locator``.</doc>
<msg timestamp="20230419 22:08:06.980" level="INFO">${ItemQuantity} = 1</msg>
<status status="PASS" starttime="20230419 22:08:06.961" endtime="20230419 22:08:06.980"/>
</kw>
<kw name="Should Be Equal" library="BuiltIn">
<arg>${ItemQuantity}</arg>
<arg>${IntendedItemQuantity}</arg>
<arg>Item quantity is Incorrect!</arg>
<doc>Fails if the given objects are unequal.</doc>
<status status="PASS" starttime="20230419 22:08:06.980" endtime="20230419 22:08:06.980"/>
</kw>
<status status="PASS" starttime="20230419 22:08:06.961" endtime="20230419 22:08:06.980"/>
</kw>
<kw name="Verify Cart Item Price">
<arg>//*[@id="cart_contents_container"]/div/div[1]/div[4]/div[2]/div[2]/div</arg>
<arg>${SauceLabsBikeLightPrice}</arg>
<kw name="Get Text" library="SeleniumLibrary">
<var>${ItemPrice}</var>
<arg>${ItemPriceXPATH}</arg>
<doc>Returns the text value of the element identified by ``locator``.</doc>
<msg timestamp="20230419 22:08:06.996" level="INFO">${ItemPrice} = $9.99</msg>
<status status="PASS" starttime="20230419 22:08:06.982" endtime="20230419 22:08:06.997"/>
</kw>
<kw name="Should Be Equal" library="BuiltIn">
<arg>${ItemPrice}</arg>
<arg>${IntendedItemPrice}</arg>
<arg>Item Price is Incorrect!</arg>
<doc>Fails if the given objects are unequal.</doc>
<status status="PASS" starttime="20230419 22:08:06.997" endtime="20230419 22:08:06.997"/>
</kw>
<status status="PASS" starttime="20230419 22:08:06.981" endtime="20230419 22:08:06.998"/>
</kw>
<kw name="Verify Cart Item Name">
<arg>//*[@id="item_4_title_link"]/div</arg>
<arg>Sauce Labs Backpack</arg>
<kw name="Get Text" library="SeleniumLibrary">
<var>${CartItemName}</var>
<arg>xpath=${CartItemNameXPATH}</arg>
<doc>Returns the text value of the element identified by ``locator``.</doc>
<msg timestamp="20230419 22:08:07.011" level="INFO">${CartItemName} = Sauce Labs Backpack</msg>
<status status="PASS" starttime="20230419 22:08:06.998" endtime="20230419 22:08:07.011"/>
</kw>
<kw name="Should Be Equal" library="BuiltIn">
<arg>${CartItemName}</arg>
<arg>${IntendedItemName}</arg>
<arg>This item was not intended to be added to the cart!</arg>
<doc>Fails if the given objects are unequal.</doc>
<status status="PASS" starttime="20230419 22:08:07.011" endtime="20230419 22:08:07.011"/>
</kw>
<status status="PASS" starttime="20230419 22:08:06.998" endtime="20230419 22:08:07.011"/>
</kw>
<kw name="Verify Cart Item Quantity">
<arg>//*[@id="cart_contents_container"]/div/div[1]/div[5]/div[1]</arg>
<arg>1</arg>
<kw name="Get Text" library="SeleniumLibrary">
<var>${ItemQuantity}</var>
<arg>${CartItemQuantityXPATH}</arg>
<doc>Returns the text value of the element identified by ``locator``.</doc>
<msg timestamp="20230419 22:08:07.024" level="INFO">${ItemQuantity} = 1</msg>
<status status="PASS" starttime="20230419 22:08:07.012" endtime="20230419 22:08:07.025"/>
</kw>
<kw name="Should Be Equal" library="BuiltIn">
<arg>${ItemQuantity}</arg>
<arg>${IntendedItemQuantity}</arg>
<arg>Item quantity is Incorrect!</arg>
<doc>Fails if the given objects are unequal.</doc>
<status status="PASS" starttime="20230419 22:08:07.025" endtime="20230419 22:08:07.025"/>
</kw>
<status status="PASS" starttime="20230419 22:08:07.012" endtime="20230419 22:08:07.025"/>
</kw>
<kw name="Verify Cart Item Price">
<arg>//*[@id="cart_contents_container"]/div/div[1]/div[5]/div[2]/div[2]/div</arg>
<arg>${SauceLabsBackpackPrice}</arg>
<kw name="Get Text" library="SeleniumLibrary">
<var>${ItemPrice}</var>
<arg>${ItemPriceXPATH}</arg>
<doc>Returns the text value of the element identified by ``locator``.</doc>
<msg timestamp="20230419 22:08:07.038" level="INFO">${ItemPrice} = $29.99</msg>
<status status="PASS" starttime="20230419 22:08:07.026" endtime="20230419 22:08:07.038"/>
</kw>
<kw name="Should Be Equal" library="BuiltIn">
<arg>${ItemPrice}</arg>
<arg>${IntendedItemPrice}</arg>
<arg>Item Price is Incorrect!</arg>
<doc>Fails if the given objects are unequal.</doc>
<status status="PASS" starttime="20230419 22:08:07.038" endtime="20230419 22:08:07.039"/>
</kw>
<status status="PASS" starttime="20230419 22:08:07.026" endtime="20230419 22:08:07.039"/>
</kw>
<kw name="Click Button" library="SeleniumLibrary">
<arg>id=remove-sauce-labs-onesie</arg>
<doc>Clicks the button identified by ``locator``.</doc>
<msg timestamp="20230419 22:08:07.040" level="INFO">Clicking button 'id=remove-sauce-labs-onesie'.</msg>
<status status="PASS" starttime="20230419 22:08:07.039" endtime="20230419 22:08:07.066"/>
</kw>
<kw name="Capture Page Screenshot" library="SeleniumLibrary">
<arg>cart-with-oneesie-removed.png</arg>
<doc>Takes a screenshot of the current page and embeds it into a log file.</doc>
<msg timestamp="20230419 22:08:07.180" level="INFO" html="true">&lt;/td&gt;&lt;/tr&gt;&lt;tr&gt;&lt;td colspan="3"&gt;&lt;a href="cart-with-oneesie-removed.png"&gt;&lt;img src="cart-with-oneesie-removed.png" width="800px"&gt;&lt;/a&gt;</msg>
<status status="PASS" starttime="20230419 22:08:07.066" endtime="20230419 22:08:07.180"/>
</kw>
<kw name="Go to checkout">
<kw name="Click Button" library="SeleniumLibrary">
<arg>id=checkout</arg>
<doc>Clicks the button identified by ``locator``.</doc>
<msg timestamp="20230419 22:08:07.181" level="INFO">Clicking button 'id=checkout'.</msg>
<status status="PASS" starttime="20230419 22:08:07.181" endtime="20230419 22:08:07.213"/>
</kw>
<status status="PASS" starttime="20230419 22:08:07.181" endtime="20230419 22:08:07.214"/>
</kw>
<kw name="Fill checkout information">
<arg>Jose</arg>
<arg>Cavaleiro</arg>
<arg>3000-009</arg>
<kw name="Input Text" library="SeleniumLibrary">
<arg>id=first-name</arg>
<arg>${FirstName}</arg>
<doc>Types the given ``text`` into the text field identified by ``locator``.</doc>
<msg timestamp="20230419 22:08:07.215" level="INFO">Typing text 'Jose' into text field 'id=first-name'.</msg>
<status status="PASS" starttime="20230419 22:08:07.215" endtime="20230419 22:08:07.265"/>
</kw>
<kw name="Input Text" library="SeleniumLibrary">
<arg>id=last-name</arg>
<arg>${LastName}</arg>
<doc>Types the given ``text`` into the text field identified by ``locator``.</doc>
<msg timestamp="20230419 22:08:07.266" level="INFO">Typing text 'Cavaleiro' into text field 'id=last-name'.</msg>
<status status="PASS" starttime="20230419 22:08:07.265" endtime="20230419 22:08:07.318"/>
</kw>
<kw name="Input Text" library="SeleniumLibrary">
<arg>id=postal-code</arg>
<arg>${PostalCode}</arg>
<doc>Types the given ``text`` into the text field identified by ``locator``.</doc>
<msg timestamp="20230419 22:08:07.319" level="INFO">Typing text '3000-009' into text field 'id=postal-code'.</msg>
<status status="PASS" starttime="20230419 22:08:07.318" endtime="20230419 22:08:07.371"/>
</kw>
<status status="PASS" starttime="20230419 22:08:07.214" endtime="20230419 22:08:07.372"/>
</kw>
<kw name="Click continue button">
<kw name="Click Element" library="SeleniumLibrary">
<arg>xpath=//*[@id="continue"]</arg>
<doc>Click the element identified by ``locator``.</doc>
<msg timestamp="20230419 22:08:07.373" level="INFO">Clicking element 'xpath=//*[@id="continue"]'.</msg>
<status status="PASS" starttime="20230419 22:08:07.373" endtime="20230419 22:08:07.403"/>
</kw>
<status status="PASS" starttime="20230419 22:08:07.372" endtime="20230419 22:08:07.404"/>
</kw>
<kw name="Capture Page Screenshot" library="SeleniumLibrary">
<arg>checkout-overview.png</arg>
<doc>Takes a screenshot of the current page and embeds it into a log file.</doc>
<msg timestamp="20230419 22:08:07.526" level="INFO" html="true">&lt;/td&gt;&lt;/tr&gt;&lt;tr&gt;&lt;td colspan="3"&gt;&lt;a href="checkout-overview.png"&gt;&lt;img src="checkout-overview.png" width="800px"&gt;&lt;/a&gt;</msg>
<status status="PASS" starttime="20230419 22:08:07.404" endtime="20230419 22:08:07.526"/>
</kw>
<kw name="Verify Cart Item Name">
<arg>//*[@id="item_0_title_link"]/div</arg>
<arg>Sauce Labs Bike Light</arg>
<kw name="Get Text" library="SeleniumLibrary">
<var>${CartItemName}</var>
<arg>xpath=${CartItemNameXPATH}</arg>
<doc>Returns the text value of the element identified by ``locator``.</doc>
<msg timestamp="20230419 22:08:07.537" level="INFO">${CartItemName} = Sauce Labs Bike Light</msg>
<status status="PASS" starttime="20230419 22:08:07.527" endtime="20230419 22:08:07.537"/>
</kw>
<kw name="Should Be Equal" library="BuiltIn">
<arg>${CartItemName}</arg>
<arg>${IntendedItemName}</arg>
<arg>This item was not intended to be added to the cart!</arg>
<doc>Fails if the given objects are unequal.</doc>
<status status="PASS" starttime="20230419 22:08:07.538" endtime="20230419 22:08:07.538"/>
</kw>
<status status="PASS" starttime="20230419 22:08:07.527" endtime="20230419 22:08:07.538"/>
</kw>
<kw name="Verify Cart Item Quantity">
<arg>//*[@id="checkout_summary_container"]/div/div[1]/div[3]/div[1]</arg>
<arg>1</arg>
<kw name="Get Text" library="SeleniumLibrary">
<var>${ItemQuantity}</var>
<arg>${CartItemQuantityXPATH}</arg>
<doc>Returns the text value of the element identified by ``locator``.</doc>
<msg timestamp="20230419 22:08:07.551" level="INFO">${ItemQuantity} = 1</msg>
<status status="PASS" starttime="20230419 22:08:07.539" endtime="20230419 22:08:07.551"/>
</kw>
<kw name="Should Be Equal" library="BuiltIn">
<arg>${ItemQuantity}</arg>
<arg>${IntendedItemQuantity}</arg>
<arg>Item quantity is Incorrect!</arg>
<doc>Fails if the given objects are unequal.</doc>
<status status="PASS" starttime="20230419 22:08:07.551" endtime="20230419 22:08:07.552"/>
</kw>
<status status="PASS" starttime="20230419 22:08:07.538" endtime="20230419 22:08:07.552"/>
</kw>
<kw name="Verify Cart Item Price">
<arg>//*[@id="checkout_summary_container"]/div/div[1]/div[3]/div[2]/div[2]/div</arg>
<arg>${SauceLabsBikeLightPrice}</arg>
<kw name="Get Text" library="SeleniumLibrary">
<var>${ItemPrice}</var>
<arg>${ItemPriceXPATH}</arg>
<doc>Returns the text value of the element identified by ``locator``.</doc>
<msg timestamp="20230419 22:08:07.565" level="INFO">${ItemPrice} = $9.99</msg>
<status status="PASS" starttime="20230419 22:08:07.553" endtime="20230419 22:08:07.565"/>
</kw>
<kw name="Should Be Equal" library="BuiltIn">
<arg>${ItemPrice}</arg>
<arg>${IntendedItemPrice}</arg>
<arg>Item Price is Incorrect!</arg>
<doc>Fails if the given objects are unequal.</doc>
<status status="PASS" starttime="20230419 22:08:07.565" endtime="20230419 22:08:07.566"/>
</kw>
<status status="PASS" starttime="20230419 22:08:07.552" endtime="20230419 22:08:07.566"/>
</kw>
<kw name="Verify Cart Item Name">
<arg>//*[@id="item_4_title_link"]/div</arg>
<arg>Sauce Labs Backpack</arg>
<kw name="Get Text" library="SeleniumLibrary">
<var>${CartItemName}</var>
<arg>xpath=${CartItemNameXPATH}</arg>
<doc>Returns the text value of the element identified by ``locator``.</doc>
<msg timestamp="20230419 22:08:07.578" level="INFO">${CartItemName} = Sauce Labs Backpack</msg>
<status status="PASS" starttime="20230419 22:08:07.567" endtime="20230419 22:08:07.578"/>
</kw>
<kw name="Should Be Equal" library="BuiltIn">
<arg>${CartItemName}</arg>
<arg>${IntendedItemName}</arg>
<arg>This item was not intended to be added to the cart!</arg>
<doc>Fails if the given objects are unequal.</doc>
<status status="PASS" starttime="20230419 22:08:07.578" endtime="20230419 22:08:07.578"/>
</kw>
<status status="PASS" starttime="20230419 22:08:07.566" endtime="20230419 22:08:07.579"/>
</kw>
<kw name="Verify Cart Item Quantity">
<arg>//*[@id="checkout_summary_container"]/div/div[1]/div[4]/div[1]</arg>
<arg>1</arg>
<kw name="Get Text" library="SeleniumLibrary">
<var>${ItemQuantity}</var>
<arg>${CartItemQuantityXPATH}</arg>
<doc>Returns the text value of the element identified by ``locator``.</doc>
<msg timestamp="20230419 22:08:07.598" level="INFO">${ItemQuantity} = 1</msg>
<status status="PASS" starttime="20230419 22:08:07.579" endtime="20230419 22:08:07.599"/>
</kw>
<kw name="Should Be Equal" library="BuiltIn">
<arg>${ItemQuantity}</arg>
<arg>${IntendedItemQuantity}</arg>
<arg>Item quantity is Incorrect!</arg>
<doc>Fails if the given objects are unequal.</doc>
<status status="PASS" starttime="20230419 22:08:07.599" endtime="20230419 22:08:07.599"/>
</kw>
<status status="PASS" starttime="20230419 22:08:07.579" endtime="20230419 22:08:07.600"/>
</kw>
<kw name="Verify Cart Item Price">
<arg>//*[@id="checkout_summary_container"]/div/div[1]/div[4]/div[2]/div[2]/div</arg>
<arg>${SauceLabsBackpackPrice}</arg>
<kw name="Get Text" library="SeleniumLibrary">
<var>${ItemPrice}</var>
<arg>${ItemPriceXPATH}</arg>
<doc>Returns the text value of the element identified by ``locator``.</doc>
<msg timestamp="20230419 22:08:07.617" level="INFO">${ItemPrice} = $29.99</msg>
<status status="PASS" starttime="20230419 22:08:07.601" endtime="20230419 22:08:07.617"/>
</kw>
<kw name="Should Be Equal" library="BuiltIn">
<arg>${ItemPrice}</arg>
<arg>${IntendedItemPrice}</arg>
<arg>Item Price is Incorrect!</arg>
<doc>Fails if the given objects are unequal.</doc>
<status status="PASS" starttime="20230419 22:08:07.617" endtime="20230419 22:08:07.618"/>
</kw>
<status status="PASS" starttime="20230419 22:08:07.600" endtime="20230419 22:08:07.618"/>
</kw>
<kw name="Remove String" library="String">
<var>${BikeLightPrice}</var>
<arg>${SauceLabsBikeLightPrice}</arg>
<arg>,</arg>
<arg>$</arg>
<doc>Removes all ``removables`` from the given ``string``.</doc>
<msg timestamp="20230419 22:08:07.619" level="INFO">${BikeLightPrice} = 9.99</msg>
<status status="PASS" starttime="20230419 22:08:07.619" endtime="20230419 22:08:07.619"/>
</kw>
<kw name="Remove String" library="String">
<var>${BackpackPrice}</var>
<arg>${SauceLabsBackpackPrice}</arg>
<arg>,</arg>
<arg>$</arg>
<doc>Removes all ``removables`` from the given ``string``.</doc>
<msg timestamp="20230419 22:08:07.620" level="INFO">${BackpackPrice} = 29.99</msg>
<status status="PASS" starttime="20230419 22:08:07.620" endtime="20230419 22:08:07.620"/>
</kw>
<kw name="Calculates Final Price with Tax">
<arg>${BikeLightPrice}</arg>
<arg>${BackpackPrice}</arg>
<arg>3.20</arg>
<arg>43.18</arg>
<kw name="Evaluate" library="BuiltIn">
<var>${CalculatedPriceWithTax}</var>
<arg>${FirstItem}+${SecondItem}+${Tax}</arg>
<doc>Evaluates the given expression in Python and returns the result.</doc>
<msg timestamp="20230419 22:08:07.622" level="INFO">${CalculatedPriceWithTax} = 43.18</msg>
<status status="PASS" starttime="20230419 22:08:07.622" endtime="20230419 22:08:07.623"/>
</kw>
<kw name="Convert To String" library="BuiltIn">
<var>${CalculatedPriceWithTax}</var>
<arg>${CalculatedPriceWithTax}</arg>
<doc>Converts the given item to a Unicode string.</doc>
<msg timestamp="20230419 22:08:07.623" level="INFO">${CalculatedPriceWithTax} = 43.18</msg>
<status status="PASS" starttime="20230419 22:08:07.623" endtime="20230419 22:08:07.624"/>
</kw>
<kw name="Should Be Equal" library="BuiltIn">
<arg>${CalculatedPriceWithTax}</arg>
<arg>${ExpectedFinalPrice}</arg>
<arg>Calculated price with added tax is wrong!</arg>
<doc>Fails if the given objects are unequal.</doc>
<status status="PASS" starttime="20230419 22:08:07.624" endtime="20230419 22:08:07.625"/>
</kw>
<status status="PASS" starttime="20230419 22:08:07.621" endtime="20230419 22:08:07.625"/>
</kw>
<kw name="Click Finish Button">
<kw name="Click Button" library="SeleniumLibrary">
<arg>id=finish</arg>
<doc>Clicks the button identified by ``locator``.</doc>
<msg timestamp="20230419 22:08:07.627" level="INFO">Clicking button 'id=finish'.</msg>
<status status="PASS" starttime="20230419 22:08:07.627" endtime="20230419 22:08:07.662"/>
</kw>
<status status="PASS" starttime="20230419 22:08:07.625" endtime="20230419 22:08:07.662"/>
</kw>
<kw name="Verify successful order completion">
<kw name="Element Text Should Be" library="SeleniumLibrary">
<arg>//*[@id="checkout_complete_container"]/h2</arg>
<arg>Thank you for your order!</arg>
<doc>Verifies that element ``locator`` contains exact the text ``expected``.</doc>
<msg timestamp="20230419 22:08:07.663" level="WARN">Keyword 'Element Text Should Be' found both from a custom library 'SeleniumLibrary' and a standard library 'XML'. The custom keyword is used. To select explicitly, and to get rid of this warning, use either 'SeleniumLibrary.Element Text Should Be' or 'XML.Element Text Should Be'.</msg>
<msg timestamp="20230419 22:08:07.664" level="INFO">Verifying element '//*[@id="checkout_complete_container"]/h2' contains exact text 'Thank you for your order!'.</msg>
<status status="PASS" starttime="20230419 22:08:07.663" endtime="20230419 22:08:07.678"/>
</kw>
<kw name="Capture Page Screenshot" library="SeleniumLibrary">
<arg>successful-order.png</arg>
<doc>Takes a screenshot of the current page and embeds it into a log file.</doc>
<msg timestamp="20230419 22:08:07.801" level="INFO" html="true">&lt;/td&gt;&lt;/tr&gt;&lt;tr&gt;&lt;td colspan="3"&gt;&lt;a href="successful-order.png"&gt;&lt;img src="successful-order.png" width="800px"&gt;&lt;/a&gt;</msg>
<status status="PASS" starttime="20230419 22:08:07.678" endtime="20230419 22:08:07.801"/>
</kw>
<status status="PASS" starttime="20230419 22:08:07.663" endtime="20230419 22:08:07.802"/>
</kw>
<kw name="Click back home button">
<kw name="Click Button" library="SeleniumLibrary">
<arg>id=back-to-products</arg>
<doc>Clicks the button identified by ``locator``.</doc>
<msg timestamp="20230419 22:08:07.803" level="INFO">Clicking button 'id=back-to-products'.</msg>
<status status="PASS" starttime="20230419 22:08:07.802" endtime="20230419 22:08:07.836"/>
</kw>
<status status="PASS" starttime="20230419 22:08:07.802" endtime="20230419 22:08:07.836"/>
</kw>
<kw name="Click burguer button">
<kw name="Click Button" library="SeleniumLibrary">
<arg>id=react-burger-menu-btn</arg>
<doc>Clicks the button identified by ``locator``.</doc>
<msg timestamp="20230419 22:08:07.838" level="INFO">Clicking button 'id=react-burger-menu-btn'.</msg>
<status status="PASS" starttime="20230419 22:08:07.837" endtime="20230419 22:08:07.864"/>
</kw>
<status status="PASS" starttime="20230419 22:08:07.837" endtime="20230419 22:08:07.864"/>
</kw>
<kw name="Logout">
<kw name="Wait Until Element Is Visible" library="SeleniumLibrary">
<arg>xpath=//*[@id="menu_button_container"]/div/div[2]/div[1]/nav/a[3]</arg>
<arg>5</arg>
<doc>Waits until the element ``locator`` is visible.</doc>
<status status="PASS" starttime="20230419 22:08:07.865" endtime="20230419 22:08:08.095"/>
</kw>
<kw name="Click Element" library="SeleniumLibrary">
<arg>xpath=//*[@id="menu_button_container"]/div/div[2]/div[1]/nav/a[3]</arg>
<doc>Click the element identified by ``locator``.</doc>
<msg timestamp="20230419 22:08:08.097" level="INFO">Clicking element 'xpath=//*[@id="menu_button_container"]/div/div[2]/div[1]/nav/a[3]'.</msg>
<status status="PASS" starttime="20230419 22:08:08.097" endtime="20230419 22:08:08.120"/>
</kw>
<kw name="Capture Page Screenshot" library="SeleniumLibrary">
<arg>logout-successful-homepage.png</arg>
<doc>Takes a screenshot of the current page and embeds it into a log file.</doc>
<msg timestamp="20230419 22:08:08.246" level="INFO" html="true">&lt;/td&gt;&lt;/tr&gt;&lt;tr&gt;&lt;td colspan="3"&gt;&lt;a href="logout-successful-homepage.png"&gt;&lt;img src="logout-successful-homepage.png" width="800px"&gt;&lt;/a&gt;</msg>
<status status="PASS" starttime="20230419 22:08:08.120" endtime="20230419 22:08:08.246"/>
</kw>
<status status="PASS" starttime="20230419 22:08:07.864" endtime="20230419 22:08:08.246"/>
</kw>
<status status="PASS" starttime="20230419 22:08:03.980" endtime="20230419 22:08:08.247"/>
</test>
<doc>Exercise 1. Saucedemo</doc>
<status status="PASS" starttime="20230419 22:08:03.355" endtime="20230419 22:08:08.248"/>
</suite>
<statistics>
<total>
<stat pass="1" fail="0" skip="0">All Tests</stat>
</total>
<tag>
</tag>
<suite>
<stat pass="1" fail="0" skip="0" id="s1" name="Tasks">Tasks</stat>
</suite>
</statistics>
<errors>
<msg timestamp="20230419 22:08:07.663" level="WARN">Keyword 'Element Text Should Be' found both from a custom library 'SeleniumLibrary' and a standard library 'XML'. The custom keyword is used. To select explicitly, and to get rid of this warning, use either 'SeleniumLibrary.Element Text Should Be' or 'XML.Element Text Should Be'.</msg>
</errors>
</robot>
